tputc term_putc
tputs_ram term_puts
getstr term_gets
kscan term_kscan

map_page sams_map_page
alloc_pages sams_alloc_pages
free_pages sams_free_pages

sys_info
display_info sys_display_info
sams_info sys_sams_info

vars_get var_get
vars_set var_set

exec exec_cmd

dsr_ea5load dsr_ea5_load
dsr_open
dsr_close
dsr_read
dsr_read_cpu
dsr_write
dsr_status
dsr_reset
dsr_delete
dsr_prg_load
dsr_prg_save
dsr_scratch
loadDir dsr_catalog

path2iocode path_to_iocode
lvl2_input
lvl2_input_cpu
lvl2_output
lvl2_output_cpu
lvl2_protect
lvl2_rename
lvl2_setdir
lvl2_mkdir
lvl2_rmdir
lvl2_rendir
lvl2_sector_read
lvl2_sector_write
lvl2_format

tcp_connect
tcp_close
tcp_read_socket
tcp_send_chars

tipi_on
tipi_off
tipi_sendmsg
tipi_recvmsg

datetime time_get
findDsr dsr_find
parsePathParam path_parse

uint2str str_from_uint
uint2hex hex_from_uint
atoi str_to_int
htoi hex_to_int
float2str str_from_float
strcpy str_copy
strncpy str_ncopy
strcat str_cat
strtok str_token
strtokpeek str_token_peek
strlen str_len
strcmp str_cmp
strcmpi str_cmp_icase
indexof str_index_of
lindexof str_last_index_of
str_startswith
str_endswith
basicToCstr str_from_basic
strset str_set
token_cursor str_token_next

beep audio_beep
honk audio_honk
set_identify_hook term_set_identify_hook
vdp_setchar
conio_getvram vdp_cursor_addr
dropDown ui_drop_down
cursorGoto ui_gotoxy

speech_reset
detect_speech speech_detect
say_vocab speech_say_vocab
say_data speech_say_data
speech_start
speech_continue
speech_wait

tipi_mouse mouse_read
updatePointer mouse_move
enablePointer mouse_show
disablePointer mouse_hide

tls_connect
tls_close
tls_read_socket
tls_send_chars

init_socket_buffer sockbuf_init
readline sockbuf_readline
readstream sockbuf_readstream

list_init
list_push
list_pop
list_get

textcolor color_text
bgcolor color_bg
bordercolor color_border

tipi_log
